<?xml version="1.0" encoding="UTF-8"?>
<testsuite name="com.intive.rental.RentalApplicationTests" tests="5" skipped="0" failures="0" errors="0" timestamp="2019-05-16T05:36:43" hostname="User-PC" time="0.008">
  <properties/>
  <testcase name="familyRentalTest" classname="com.intive.rental.RentalApplicationTests" time="0.002"/>
  <testcase name="hourlyRentalTest" classname="com.intive.rental.RentalApplicationTests" time="0.001"/>
  <testcase name="weeklyRentalTest" classname="com.intive.rental.RentalApplicationTests" time="0.0"/>
  <testcase name="dailyRentalTest" classname="com.intive.rental.RentalApplicationTests" time="0.001"/>
  <testcase name="contextLoads" classname="com.intive.rental.RentalApplicationTests" time="0.001"/>
  <system-out><![CDATA[2019-05-16 02:36:42.973  INFO 6188 --- [    Test worker] .b.t.c.SpringBootTestContextBootstrapper : Neither @ContextConfiguration nor @ContextHierarchy found for test class [com.intive.rental.RentalApplicationTests], using SpringBootContextLoader
2019-05-16 02:36:42.974  INFO 6188 --- [    Test worker] o.s.t.c.support.AbstractContextLoader    : Could not detect default resource locations for test class [com.intive.rental.RentalApplicationTests]: no resource found for suffixes {-context.xml, Context.groovy}.
2019-05-16 02:36:42.974  INFO 6188 --- [    Test worker] t.c.s.AnnotationConfigContextLoaderUtils : Could not detect default configuration classes for test class [com.intive.rental.RentalApplicationTests]: RentalApplicationTests does not declare any static, non-private, non-final, nested classes annotated with @Configuration.
2019-05-16 02:36:42.977  INFO 6188 --- [    Test worker] .b.t.c.SpringBootTestContextBootstrapper : Found @SpringBootConfiguration com.intive.rental.RentalApplication for test class com.intive.rental.RentalApplicationTests
2019-05-16 02:36:42.979  INFO 6188 --- [    Test worker] .b.t.c.SpringBootTestContextBootstrapper : Loaded default TestExecutionListener class names from location [META-INF/spring.factories]: [org.springframework.boot.test.autoconfigure.restdocs.RestDocsTestExecutionListener, org.springframework.boot.test.autoconfigure.web.client.MockRestServiceServerResetTestExecutionListener, org.springframework.boot.test.autoconfigure.web.servlet.MockMvcPrintOnlyOnFailureTestExecutionListener, org.springframework.boot.test.autoconfigure.web.servlet.WebDriverTestExecutionListener, org.springframework.boot.test.mock.mockito.MockitoTestExecutionListener, org.springframework.boot.test.mock.mockito.ResetMocksTestExecutionListener, org.springframework.test.context.web.ServletTestExecutionListener, org.springframework.test.context.support.DirtiesContextBeforeModesTestExecutionListener, org.springframework.test.context.support.DependencyInjectionTestExecutionListener, org.springframework.test.context.support.DirtiesContextTestExecutionListener, org.springframework.test.context.transaction.TransactionalTestExecutionListener, org.springframework.test.context.jdbc.SqlScriptsTestExecutionListener]
2019-05-16 02:36:42.979  INFO 6188 --- [    Test worker] .b.t.c.SpringBootTestContextBootstrapper : Using TestExecutionListeners: [org.springframework.test.context.web.ServletTestExecutionListener@5443b178, org.springframework.test.context.support.DirtiesContextBeforeModesTestExecutionListener@b7d4bc, org.springframework.boot.test.mock.mockito.MockitoTestExecutionListener@48428622, org.springframework.boot.test.autoconfigure.SpringBootDependencyInjectionTestExecutionListener@77de926a, org.springframework.test.context.support.DirtiesContextTestExecutionListener@3edf2598, org.springframework.test.context.transaction.TransactionalTestExecutionListener@f314cb, org.springframework.test.context.jdbc.SqlScriptsTestExecutionListener@5c5ce161, org.springframework.boot.test.autoconfigure.restdocs.RestDocsTestExecutionListener@5f926542, org.springframework.boot.test.autoconfigure.web.client.MockRestServiceServerResetTestExecutionListener@182668cd, org.springframework.boot.test.autoconfigure.web.servlet.MockMvcPrintOnlyOnFailureTestExecutionListener@6b624e, org.springframework.boot.test.autoconfigure.web.servlet.WebDriverTestExecutionListener@3b87cccb, org.springframework.boot.test.mock.mockito.ResetMocksTestExecutionListener@7773068c]

  .   ____          _            __ _ _
 /\\ / ___'_ __ _ _(_)_ __  __ _ \ \ \ \
( ( )\___ | '_ | '_| | '_ \/ _` | \ \ \ \
 \\/  ___)| |_)| | | | | || (_| |  ) ) ) )
  '  |____| .__|_| |_|_| |_\__, | / / / /
 =========|_|==============|___/=/_/_/_/
 :: Spring Boot ::        (v2.1.3.RELEASE)

2019-05-16 02:36:42.999  INFO 6188 --- [    Test worker] c.intive.rental.RentalApplicationTests   : Starting RentalApplicationTests on User-PC with PID 6188 (started by User in C:\Users\User\IdeaProjects\rental\rental-service)
2019-05-16 02:36:42.999  INFO 6188 --- [    Test worker] c.intive.rental.RentalApplicationTests   : No active profile set, falling back to default profiles: default
2019-05-16 02:36:43.124  INFO 6188 --- [    Test worker] .s.d.r.c.RepositoryConfigurationDelegate : Bootstrapping Spring Data repositories in DEFAULT mode.
2019-05-16 02:36:43.131  INFO 6188 --- [    Test worker] .s.d.r.c.RepositoryConfigurationDelegate : Finished Spring Data repository scanning in 7ms. Found 1 repository interfaces.
2019-05-16 02:36:43.196  INFO 6188 --- [    Test worker] org.mongodb.driver.cluster               : Cluster created with settings {hosts=[192.168.99.100:27017], mode=SINGLE, requiredClusterType=UNKNOWN, serverSelectionTimeout='30000 ms', maxWaitQueueSize=500}
2019-05-16 02:36:43.202  INFO 6188 --- [68.99.100:27017] org.mongodb.driver.connection            : Opened connection [connectionId{localValue:3, serverValue:27}] to 192.168.99.100:27017
2019-05-16 02:36:43.203  INFO 6188 --- [68.99.100:27017] org.mongodb.driver.cluster               : Monitor thread successfully connected to server with description ServerDescription{address=192.168.99.100:27017, type=STANDALONE, state=CONNECTED, ok=true, version=ServerVersion{versionList=[3, 4, 9]}, minWireVersion=0, maxWireVersion=5, maxDocumentSize=16777216, logicalSessionTimeoutMinutes=null, roundTripTimeNanos=1001700}
2019-05-16 02:36:43.227  INFO 6188 --- [    Test worker] m.c.i.MongoPersistentEntityIndexResolver : Found cycle for field '_id' in type 'RentalEntity' for path 'rentals -> rentals'
2019-05-16 02:36:43.227  INFO 6188 --- [    Test worker] m.c.i.MongoPersistentEntityIndexResolver : Found cycle for field 'included_rentals' in type 'RentalEntity' for path 'rentals -> rentals'
2019-05-16 02:36:43.248  INFO 6188 --- [    Test worker] o.a.k.clients.producer.ProducerConfig    : ProducerConfig values: 
	compression.type = none
	metric.reporters = []
	metadata.max.age.ms = 300000
	metadata.fetch.timeout.ms = 60000
	reconnect.backoff.ms = 50
	sasl.kerberos.ticket.renew.window.factor = 0.8
	bootstrap.servers = [localhost:9092]
	retry.backoff.ms = 100
	sasl.kerberos.kinit.cmd = /usr/bin/kinit
	buffer.memory = 33554432
	timeout.ms = 30000
	key.serializer = class org.apache.kafka.common.serialization.StringSerializer
	sasl.kerberos.service.name = null
	sasl.kerberos.ticket.renew.jitter = 0.05
	ssl.keystore.type = JKS
	ssl.trustmanager.algorithm = PKIX
	block.on.buffer.full = false
	ssl.key.password = null
	max.block.ms = 60000
	sasl.kerberos.min.time.before.relogin = 60000
	connections.max.idle.ms = 540000
	ssl.truststore.password = null
	max.in.flight.requests.per.connection = 5
	metrics.num.samples = 2
	client.id = 
	ssl.endpoint.identification.algorithm = null
	ssl.protocol = TLS
	request.timeout.ms = 30000
	ssl.provider = null
	ssl.enabled.protocols = [TLSv1.2, TLSv1.1, TLSv1]
	acks = 1
	batch.size = 16384
	ssl.keystore.location = null
	receive.buffer.bytes = 32768
	ssl.cipher.suites = null
	ssl.truststore.type = JKS
	security.protocol = PLAINTEXT
	retries = 0
	max.request.size = 1048576
	value.serializer = class org.apache.kafka.common.serialization.StringSerializer
	ssl.truststore.location = null
	ssl.keystore.password = null
	ssl.keymanager.algorithm = SunX509
	metrics.sample.window.ms = 30000
	partitioner.class = class org.apache.kafka.clients.producer.internals.DefaultPartitioner
	send.buffer.bytes = 131072
	linger.ms = 0

2019-05-16 02:36:43.279  WARN 6188 --- [    Test worker] o.a.k.clients.producer.ProducerConfig    : The configuration metadata.broker.list = localhost:9092 was supplied but isn't a known config.
2019-05-16 02:36:43.279  WARN 6188 --- [    Test worker] o.a.k.clients.producer.ProducerConfig    : The configuration serializer.class = kafka.serializer.StringEncoder was supplied but isn't a known config.
2019-05-16 02:36:43.281  INFO 6188 --- [    Test worker] o.a.kafka.common.utils.AppInfoParser     : Kafka version : 0.9.0.0
2019-05-16 02:36:43.281  INFO 6188 --- [    Test worker] o.a.kafka.common.utils.AppInfoParser     : Kafka commitId : fc7243c2af4b2b4a
2019-05-16 02:36:43.492  INFO 6188 --- [    Test worker] o.s.s.concurrent.ThreadPoolTaskExecutor  : Initializing ExecutorService 'applicationTaskExecutor'
2019-05-16 02:36:43.607  INFO 6188 --- [    Test worker] c.intive.rental.RentalApplicationTests   : Started RentalApplicationTests in 0.622 seconds (JVM running for 8.939)
]]></system-out>
  <system-err><![CDATA[]]></system-err>
</testsuite>
