<?xml version="1.0" encoding="UTF-8"?>
<testsuite name="com.intive.rental.controller.RentalControllerTest" tests="14" skipped="0" failures="0" errors="0" timestamp="2019-05-26T02:25:59" hostname="User-PC" time="0.927">
  <properties/>
  <testcase name="createRentalLowAmountRequest" classname="com.intive.rental.controller.RentalControllerTest" time="0.584"/>
  <testcase name="hourlyRentalCost" classname="com.intive.rental.controller.RentalControllerTest" time="0.102"/>
  <testcase name="createFamilyRentalWithNoRentalsList" classname="com.intive.rental.controller.RentalControllerTest" time="0.036"/>
  <testcase name="createFamilyRentalShortList" classname="com.intive.rental.controller.RentalControllerTest" time="0.012"/>
  <testcase name="weeklyRentalCost" classname="com.intive.rental.controller.RentalControllerTest" time="0.013"/>
  <testcase name="getRentalNotFound" classname="com.intive.rental.controller.RentalControllerTest" time="0.037"/>
  <testcase name="getPort" classname="com.intive.rental.controller.RentalControllerTest" time="0.008"/>
  <testcase name="getFamilyRentalNotFound" classname="com.intive.rental.controller.RentalControllerTest" time="0.011"/>
  <testcase name="getSimpleRental" classname="com.intive.rental.controller.RentalControllerTest" time="0.023"/>
  <testcase name="getFamilyRental" classname="com.intive.rental.controller.RentalControllerTest" time="0.031"/>
  <testcase name="createRentalNullValuesRequest" classname="com.intive.rental.controller.RentalControllerTest" time="0.009"/>
  <testcase name="createSimpleRental" classname="com.intive.rental.controller.RentalControllerTest" time="0.022"/>
  <testcase name="dailyRentalCost" classname="com.intive.rental.controller.RentalControllerTest" time="0.011"/>
  <testcase name="createFamilyRental" classname="com.intive.rental.controller.RentalControllerTest" time="0.011"/>
  <system-out><![CDATA[23:25:55.436 [Test worker] DEBUG org.springframework.test.context.junit4.SpringJUnit4ClassRunner - SpringJUnit4ClassRunner constructor called with [class com.intive.rental.controller.RentalControllerTest]
23:25:55.447 [Test worker] DEBUG org.springframework.test.context.BootstrapUtils - Instantiating CacheAwareContextLoaderDelegate from class [org.springframework.test.context.cache.DefaultCacheAwareContextLoaderDelegate]
23:25:55.460 [Test worker] DEBUG org.springframework.test.context.BootstrapUtils - Instantiating BootstrapContext using constructor [public org.springframework.test.context.support.DefaultBootstrapContext(java.lang.Class,org.springframework.test.context.CacheAwareContextLoaderDelegate)]
23:25:55.491 [Test worker] DEBUG org.springframework.test.context.BootstrapUtils - Instantiating TestContextBootstrapper for test class [com.intive.rental.controller.RentalControllerTest] from class [org.springframework.boot.test.context.SpringBootTestContextBootstrapper]
23:25:55.509 [Test worker] INFO org.springframework.boot.test.context.SpringBootTestContextBootstrapper - Neither @ContextConfiguration nor @ContextHierarchy found for test class [com.intive.rental.controller.RentalControllerTest], using SpringBootContextLoader
23:25:55.514 [Test worker] DEBUG org.springframework.test.context.support.AbstractContextLoader - Did not detect default resource location for test class [com.intive.rental.controller.RentalControllerTest]: class path resource [com/intive/rental/controller/RentalControllerTest-context.xml] does not exist
23:25:55.514 [Test worker] DEBUG org.springframework.test.context.support.AbstractContextLoader - Did not detect default resource location for test class [com.intive.rental.controller.RentalControllerTest]: class path resource [com/intive/rental/controller/RentalControllerTestContext.groovy] does not exist
23:25:55.515 [Test worker] INFO org.springframework.test.context.support.AbstractContextLoader - Could not detect default resource locations for test class [com.intive.rental.controller.RentalControllerTest]: no resource found for suffixes {-context.xml, Context.groovy}.
23:25:55.516 [Test worker] INFO org.springframework.test.context.support.AnnotationConfigContextLoaderUtils - Could not detect default configuration classes for test class [com.intive.rental.controller.RentalControllerTest]: RentalControllerTest does not declare any static, non-private, non-final, nested classes annotated with @Configuration.
23:25:55.584 [Test worker] DEBUG org.springframework.test.context.support.ActiveProfilesUtils - Could not find an 'annotation declaring class' for annotation type [org.springframework.test.context.ActiveProfiles] and class [com.intive.rental.controller.RentalControllerTest]
23:25:55.696 [Test worker] DEBUG org.springframework.context.annotation.ClassPathScanningCandidateComponentProvider - Identified candidate component class: file [C:\Users\User\IdeaProjects\rental\rental-service\build\classes\java\main\com\intive\rental\RentalApplication.class]
23:25:55.697 [Test worker] INFO org.springframework.boot.test.context.SpringBootTestContextBootstrapper - Found @SpringBootConfiguration com.intive.rental.RentalApplication for test class com.intive.rental.controller.RentalControllerTest
23:25:55.814 [Test worker] DEBUG org.springframework.boot.test.context.SpringBootTestContextBootstrapper - @TestExecutionListeners is not present for class [com.intive.rental.controller.RentalControllerTest]: using defaults.
23:25:55.815 [Test worker] INFO org.springframework.boot.test.context.SpringBootTestContextBootstrapper - Loaded default TestExecutionListener class names from location [META-INF/spring.factories]: [org.springframework.boot.test.autoconfigure.restdocs.RestDocsTestExecutionListener, org.springframework.boot.test.autoconfigure.web.client.MockRestServiceServerResetTestExecutionListener, org.springframework.boot.test.autoconfigure.web.servlet.MockMvcPrintOnlyOnFailureTestExecutionListener, org.springframework.boot.test.autoconfigure.web.servlet.WebDriverTestExecutionListener, org.springframework.boot.test.mock.mockito.MockitoTestExecutionListener, org.springframework.boot.test.mock.mockito.ResetMocksTestExecutionListener, org.springframework.test.context.web.ServletTestExecutionListener, org.springframework.test.context.support.DirtiesContextBeforeModesTestExecutionListener, org.springframework.test.context.support.DependencyInjectionTestExecutionListener, org.springframework.test.context.support.DirtiesContextTestExecutionListener, org.springframework.test.context.transaction.TransactionalTestExecutionListener, org.springframework.test.context.jdbc.SqlScriptsTestExecutionListener]
23:25:55.838 [Test worker] INFO org.springframework.boot.test.context.SpringBootTestContextBootstrapper - Using TestExecutionListeners: [org.springframework.test.context.web.ServletTestExecutionListener@7884e41b, org.springframework.test.context.support.DirtiesContextBeforeModesTestExecutionListener@19556f89, org.springframework.boot.test.mock.mockito.MockitoTestExecutionListener@6c542feb, org.springframework.boot.test.autoconfigure.SpringBootDependencyInjectionTestExecutionListener@da19492, org.springframework.test.context.support.DirtiesContextTestExecutionListener@525a0d01, org.springframework.test.context.transaction.TransactionalTestExecutionListener@60c109e4, org.springframework.test.context.jdbc.SqlScriptsTestExecutionListener@2da74960, org.springframework.boot.test.autoconfigure.restdocs.RestDocsTestExecutionListener@2ca35d42, org.springframework.boot.test.autoconfigure.web.client.MockRestServiceServerResetTestExecutionListener@2e137fd2, org.springframework.boot.test.autoconfigure.web.servlet.MockMvcPrintOnlyOnFailureTestExecutionListener@4675dddd, org.springframework.boot.test.autoconfigure.web.servlet.WebDriverTestExecutionListener@510e603a, org.springframework.boot.test.mock.mockito.ResetMocksTestExecutionListener@67f16e14]
23:25:55.841 [Test worker] DEBUG org.springframework.test.annotation.ProfileValueUtils - Retrieved @ProfileValueSourceConfiguration [null] for test class [com.intive.rental.controller.RentalControllerTest]
23:25:55.842 [Test worker] DEBUG org.springframework.test.annotation.ProfileValueUtils - Retrieved ProfileValueSource type [class org.springframework.test.annotation.SystemProfileValueSource] for class [com.intive.rental.controller.RentalControllerTest]
23:25:55.843 [Test worker] DEBUG org.springframework.test.annotation.ProfileValueUtils - Retrieved @ProfileValueSourceConfiguration [null] for test class [com.intive.rental.controller.RentalControllerTest]
23:25:55.843 [Test worker] DEBUG org.springframework.test.annotation.ProfileValueUtils - Retrieved ProfileValueSource type [class org.springframework.test.annotation.SystemProfileValueSource] for class [com.intive.rental.controller.RentalControllerTest]
23:25:55.848 [Test worker] DEBUG org.springframework.test.context.support.AbstractDirtiesContextTestExecutionListener - Before test class: context [DefaultTestContext@25f4736f testClass = RentalControllerTest, testInstance = [null], testMethod = [null], testException = [null], mergedContextConfiguration = [WebMergedContextConfiguration@3a69fc83 testClass = RentalControllerTest, locations = '{}', classes = '{class com.intive.rental.RentalApplication}', contextInitializerClasses = '[]', activeProfiles = '{}', propertySourceLocations = '{}', propertySourceProperties = '{org.springframework.boot.test.context.SpringBootTestContextBootstrapper=true, server.port=0}', contextCustomizers = set[org.springframework.boot.test.autoconfigure.properties.PropertyMappingContextCustomizer@0, org.springframework.boot.test.autoconfigure.web.servlet.WebDriverContextCustomizerFactory$Customizer@212317e7, org.springframework.boot.test.context.filter.ExcludeFilterContextCustomizer@186313ac, org.springframework.boot.test.json.DuplicateJsonObjectContextCustomizerFactory$DuplicateJsonObjectContextCustomizer@5da3d52c, org.springframework.boot.test.mock.mockito.MockitoContextCustomizer@fce5998c, org.springframework.boot.test.web.client.TestRestTemplateContextCustomizer@1876d7f8], resourceBasePath = 'src/main/webapp', contextLoader = 'org.springframework.boot.test.context.SpringBootContextLoader', parent = [null]], attributes = map['org.springframework.test.context.web.ServletTestExecutionListener.activateListener' -> false]], class annotated with @DirtiesContext [false] with mode [null].
23:25:55.849 [Test worker] DEBUG org.springframework.test.annotation.ProfileValueUtils - Retrieved @ProfileValueSourceConfiguration [null] for test class [com.intive.rental.controller.RentalControllerTest]
23:25:55.849 [Test worker] DEBUG org.springframework.test.annotation.ProfileValueUtils - Retrieved ProfileValueSource type [class org.springframework.test.annotation.SystemProfileValueSource] for class [com.intive.rental.controller.RentalControllerTest]
23:25:55.879 [Test worker] DEBUG org.springframework.test.context.support.TestPropertySourceUtils - Adding inlined properties to environment: {spring.jmx.enabled=false, org.springframework.boot.test.context.SpringBootTestContextBootstrapper=true, server.port=0}

  .   ____          _            __ _ _
 /\\ / ___'_ __ _ _(_)_ __  __ _ \ \ \ \
( ( )\___ | '_ | '_| | '_ \/ _` | \ \ \ \
 \\/  ___)| |_)| | | | | || (_| |  ) ) ) )
  '  |____| .__|_| |_|_| |_\__, | / / / /
 =========|_|==============|___/=/_/_/_/
 :: Spring Boot ::        (v2.1.3.RELEASE)

2019-05-25 23:25:56.218  INFO 10184 --- [    Test worker] c.i.r.controller.RentalControllerTest    : Starting RentalControllerTest on User-PC with PID 10184 (started by User in C:\Users\User\IdeaProjects\rental\rental-service)
2019-05-25 23:25:56.219  INFO 10184 --- [    Test worker] c.i.r.controller.RentalControllerTest    : No active profile set, falling back to default profiles: default
2019-05-25 23:25:56.755  INFO 10184 --- [    Test worker] .s.d.r.c.RepositoryConfigurationDelegate : Bootstrapping Spring Data repositories in DEFAULT mode.
2019-05-25 23:25:56.828  INFO 10184 --- [    Test worker] .s.d.r.c.RepositoryConfigurationDelegate : Finished Spring Data repository scanning in 67ms. Found 2 repository interfaces.
2019-05-25 23:25:57.991  INFO 10184 --- [    Test worker] o.s.b.w.embedded.tomcat.TomcatWebServer  : Tomcat initialized with port(s): 0 (http)
2019-05-25 23:25:58.020  INFO 10184 --- [    Test worker] o.apache.catalina.core.StandardService   : Starting service [Tomcat]
2019-05-25 23:25:58.021  INFO 10184 --- [    Test worker] org.apache.catalina.core.StandardEngine  : Starting Servlet engine: [Apache Tomcat/9.0.16]
2019-05-25 23:25:58.035  INFO 10184 --- [    Test worker] o.a.catalina.core.AprLifecycleListener   : The APR based Apache Tomcat Native library which allows optimal performance in production environments was not found on the java.library.path: [C:\Program Files\Java\jdk1.8.0_211\bin;C:\Windows\Sun\Java\bin;C:\Windows\system32;C:\Windows;C:\Program Files (x86)\Common Files\Oracle\Java\javapath;C:\Program Files (x86)\Intel\Intel(R) Management Engine Components\iCLS\;C:\Program Files\Intel\Intel(R) Management Engine Components\iCLS\;C:\Windows\system32;C:\Windows;C:\Windows\System32\Wbem;C:\Windows\System32\WindowsPowerShell\v1.0\;C:\Windows\System32\OpenSSH\;C:\Program Files (x86)\Intel\Intel(R) Management Engine Components\DAL;C:\Program Files\Intel\Intel(R) Management Engine Components\DAL;C:\Program Files (x86)\Intel\Intel(R) Management Engine Components\IPT;C:\Program Files\Intel\Intel(R) Management Engine Components\IPT;C:\Program Files\Java\jdk1.8.0_211\bin;C:\Program Files\Git\cmd;C:\Gradle\gradle-5.4.1\bin;C:\Maven\apache-maven-3.6.1\bin;C:\Users\User\AppData\Local\Microsoft\WindowsApps;;C:\Program Files\Docker Toolbox;.]
2019-05-25 23:25:58.132  INFO 10184 --- [    Test worker] o.a.c.c.C.[Tomcat].[localhost].[/]       : Initializing Spring embedded WebApplicationContext
2019-05-25 23:25:58.132  INFO 10184 --- [    Test worker] o.s.web.context.ContextLoader            : Root WebApplicationContext: initialization completed in 1892 ms
2019-05-25 23:25:58.904  INFO 10184 --- [    Test worker] org.mongodb.driver.cluster               : Cluster created with settings {hosts=[192.168.99.100:27017], mode=SINGLE, requiredClusterType=UNKNOWN, serverSelectionTimeout='30000 ms', maxWaitQueueSize=500}
2019-05-25 23:25:58.977  INFO 10184 --- [68.99.100:27017] org.mongodb.driver.connection            : Opened connection [connectionId{localValue:1, serverValue:77}] to 192.168.99.100:27017
2019-05-25 23:25:58.980  INFO 10184 --- [68.99.100:27017] org.mongodb.driver.cluster               : Monitor thread successfully connected to server with description ServerDescription{address=192.168.99.100:27017, type=STANDALONE, state=CONNECTED, ok=true, version=ServerVersion{versionList=[3, 4, 9]}, minWireVersion=0, maxWireVersion=5, maxDocumentSize=16777216, logicalSessionTimeoutMinutes=null, roundTripTimeNanos=1924600}
2019-05-25 23:25:59.568  INFO 10184 --- [    Test worker] o.s.s.concurrent.ThreadPoolTaskExecutor  : Initializing ExecutorService 'applicationTaskExecutor'
2019-05-25 23:25:59.816  INFO 10184 --- [    Test worker] o.s.b.w.embedded.tomcat.TomcatWebServer  : Tomcat started on port(s): 62549 (http) with context path ''
2019-05-25 23:25:59.817  INFO 10184 --- [    Test worker] c.i.r.controller.RentalControllerTest    : Started RentalControllerTest in 3.936 seconds (JVM running for 5.255)
2019-05-25 23:25:59.877  INFO 10184 --- [    Test worker] org.mongodb.driver.connection            : Opened connection [connectionId{localValue:2, serverValue:78}] to 192.168.99.100:27017
2019-05-25 23:26:00.201  INFO 10184 --- [o-auto-1-exec-1] o.a.c.c.C.[Tomcat].[localhost].[/]       : Initializing Spring DispatcherServlet 'dispatcherServlet'
2019-05-25 23:26:00.201  INFO 10184 --- [o-auto-1-exec-1] o.s.web.servlet.DispatcherServlet        : Initializing Servlet 'dispatcherServlet'
2019-05-25 23:26:00.217  INFO 10184 --- [o-auto-1-exec-1] o.s.web.servlet.DispatcherServlet        : Completed initialization in 15 ms
2019-05-25 23:26:00.355  WARN 10184 --- [o-auto-1-exec-1] .w.s.m.s.DefaultHandlerExceptionResolver : Resolved [org.springframework.web.bind.MethodArgumentNotValidException: Validation failed for argument [0] in public com.intive.rental.dto.SimpleRental com.intive.rental.controller.RentalController.postSingleRental(com.intive.rental.dto.request.CreateSimpleRentalRequest): [Field error in object 'createSimpleRentalRequest' on field 'amount': rejected value [-2]; codes [Min.createSimpleRentalRequest.amount,Min.amount,Min.java.lang.Integer,Min]; arguments [org.springframework.context.support.DefaultMessageSourceResolvable: codes [createSimpleRentalRequest.amount,amount]; arguments []; default message [amount],1]; default message [amount should be greater than 0]] ]
2019-05-25 23:26:00.419  INFO 10184 --- [o-auto-1-exec-2] c.i.rental.controller.RentalController   : Received new request for saving simple bike rental: CreateSimpleRentalRequest(amount=4, rentalType=HOURLY)
2019-05-25 23:26:00.547  WARN 10184 --- [o-auto-1-exec-4] .w.s.m.s.DefaultHandlerExceptionResolver : Resolved [org.springframework.web.bind.MethodArgumentNotValidException: Validation failed for argument [0] in public com.intive.rental.dto.FamilyRental com.intive.rental.controller.RentalController.postFamilyRental(com.intive.rental.dto.request.CreateFamilyRentalRequest): [Field error in object 'createFamilyRentalRequest' on field 'rentals': rejected value [null]; codes [NotNull.createFamilyRentalRequest.rentals,NotNull.rentals,NotNull.java.util.List,NotNull]; arguments [org.springframework.context.support.DefaultMessageSourceResolvable: codes [createFamilyRentalRequest.rentals,rentals]; arguments []; default message [rentals]]; default message [rentals is required]] ]
2019-05-25 23:26:00.559  WARN 10184 --- [o-auto-1-exec-3] .w.s.m.s.DefaultHandlerExceptionResolver : Resolved [org.springframework.web.bind.MethodArgumentNotValidException: Validation failed for argument [0] in public com.intive.rental.dto.FamilyRental com.intive.rental.controller.RentalController.postFamilyRental(com.intive.rental.dto.request.CreateFamilyRentalRequest): [Field error in object 'createFamilyRentalRequest' on field 'rentals': rejected value [[]]; codes [Size.createFamilyRentalRequest.rentals,Size.rentals,Size.java.util.List,Size]; arguments [org.springframework.context.support.DefaultMessageSourceResolvable: codes [createFamilyRentalRequest.rentals,rentals]; arguments []; default message [rentals],5,3]; default message [rentals length must between 3 and 5]] ]
2019-05-25 23:26:00.572  INFO 10184 --- [o-auto-1-exec-5] c.i.rental.controller.RentalController   : Received new request for saving simple bike rental: CreateSimpleRentalRequest(amount=1, rentalType=WEEKLY)
2019-05-25 23:26:00.589  INFO 10184 --- [o-auto-1-exec-6] c.i.rental.controller.RentalController   : Received new request for getting bike rental with id: invalid_id
2019-05-25 23:26:00.635  INFO 10184 --- [o-auto-1-exec-9] c.i.rental.controller.RentalController   : Received new request for getting family bike rental with id: invalid_id
2019-05-25 23:26:00.649  INFO 10184 --- [o-auto-1-exec-8] c.i.rental.controller.RentalController   : Received new request for saving simple bike rental: CreateSimpleRentalRequest(amount=4, rentalType=HOURLY)
2019-05-25 23:26:00.655  INFO 10184 --- [o-auto-1-exec-7] c.i.rental.controller.RentalController   : Received new request for getting bike rental with id: 5ce9f938dda04c27c8872cd0
2019-05-25 23:26:00.673  INFO 10184 --- [-auto-1-exec-10] c.i.rental.controller.RentalController   : Received new request for saving family bike rental: CreateFamilyRentalRequest(rentals=[CreateSimpleRentalRequest(amount=4, rentalType=HOURLY), CreateSimpleRentalRequest(amount=1, rentalType=DAILY), CreateSimpleRentalRequest(amount=1, rentalType=WEEKLY)])
2019-05-25 23:26:00.691  INFO 10184 --- [o-auto-1-exec-1] c.i.rental.controller.RentalController   : Received new request for getting family bike rental with id: 5ce9f938dda04c27c8872cd1
2019-05-25 23:26:00.703  WARN 10184 --- [o-auto-1-exec-2] .w.s.m.s.DefaultHandlerExceptionResolver : Resolved [org.springframework.web.bind.MethodArgumentNotValidException: Validation failed for argument [0] in public com.intive.rental.dto.SimpleRental com.intive.rental.controller.RentalController.postSingleRental(com.intive.rental.dto.request.CreateSimpleRentalRequest) with 2 errors: [Field error in object 'createSimpleRentalRequest' on field 'amount': rejected value [null]; codes [NotNull.createSimpleRentalRequest.amount,NotNull.amount,NotNull.java.lang.Integer,NotNull]; arguments [org.springframework.context.support.DefaultMessageSourceResolvable: codes [createSimpleRentalRequest.amount,amount]; arguments []; default message [amount]]; default message [amount is required]] [Field error in object 'createSimpleRentalRequest' on field 'rentalType': rejected value [null]; codes [NotNull.createSimpleRentalRequest.rentalType,NotNull.rentalType,NotNull.com.intive.rental.dto.constant.RentalType,NotNull]; arguments [org.springframework.context.support.DefaultMessageSourceResolvable: codes [createSimpleRentalRequest.rentalType,rentalType]; arguments []; default message [rentalType]]; default message [rentalType is required]] ]
2019-05-25 23:26:00.713  INFO 10184 --- [o-auto-1-exec-4] c.i.rental.controller.RentalController   : Received new request for saving simple bike rental: CreateSimpleRentalRequest(amount=4, rentalType=HOURLY)
2019-05-25 23:26:00.737  INFO 10184 --- [o-auto-1-exec-3] c.i.rental.controller.RentalController   : Received new request for saving simple bike rental: CreateSimpleRentalRequest(amount=1, rentalType=DAILY)
2019-05-25 23:26:00.748  INFO 10184 --- [o-auto-1-exec-5] c.i.rental.controller.RentalController   : Received new request for saving family bike rental: CreateFamilyRentalRequest(rentals=[CreateSimpleRentalRequest(amount=4, rentalType=HOURLY), CreateSimpleRentalRequest(amount=1, rentalType=DAILY), CreateSimpleRentalRequest(amount=1, rentalType=WEEKLY)])
]]></system-out>
  <system-err><![CDATA[]]></system-err>
</testsuite>
