<?xml version="1.0" encoding="UTF-8"?>
<testsuite name="com.intive.rental.controller.RentalControllerTest" tests="14" skipped="0" failures="0" errors="0" timestamp="2019-05-26T02:17:36" hostname="User-PC" time="0.918">
  <properties/>
  <testcase name="createRentalLowAmountRequest" classname="com.intive.rental.controller.RentalControllerTest" time="0.566"/>
  <testcase name="hourlyRentalCost" classname="com.intive.rental.controller.RentalControllerTest" time="0.1"/>
  <testcase name="createFamilyRentalWithNoRentalsList" classname="com.intive.rental.controller.RentalControllerTest" time="0.037"/>
  <testcase name="createFamilyRentalShortList" classname="com.intive.rental.controller.RentalControllerTest" time="0.01"/>
  <testcase name="weeklyRentalCost" classname="com.intive.rental.controller.RentalControllerTest" time="0.011"/>
  <testcase name="getRentalNotFound" classname="com.intive.rental.controller.RentalControllerTest" time="0.034"/>
  <testcase name="getPort" classname="com.intive.rental.controller.RentalControllerTest" time="0.008"/>
  <testcase name="getFamilyRentalNotFound" classname="com.intive.rental.controller.RentalControllerTest" time="0.014"/>
  <testcase name="getSimpleRental" classname="com.intive.rental.controller.RentalControllerTest" time="0.025"/>
  <testcase name="getFamilyRental" classname="com.intive.rental.controller.RentalControllerTest" time="0.038"/>
  <testcase name="createRentalNullValuesRequest" classname="com.intive.rental.controller.RentalControllerTest" time="0.011"/>
  <testcase name="createSimpleRental" classname="com.intive.rental.controller.RentalControllerTest" time="0.017"/>
  <testcase name="dailyRentalCost" classname="com.intive.rental.controller.RentalControllerTest" time="0.013"/>
  <testcase name="createFamilyRental" classname="com.intive.rental.controller.RentalControllerTest" time="0.016"/>
  <system-out><![CDATA[23:17:31.192 [Test worker] DEBUG org.springframework.test.context.junit4.SpringJUnit4ClassRunner - SpringJUnit4ClassRunner constructor called with [class com.intive.rental.controller.RentalControllerTest]
23:17:31.202 [Test worker] DEBUG org.springframework.test.context.BootstrapUtils - Instantiating CacheAwareContextLoaderDelegate from class [org.springframework.test.context.cache.DefaultCacheAwareContextLoaderDelegate]
23:17:31.213 [Test worker] DEBUG org.springframework.test.context.BootstrapUtils - Instantiating BootstrapContext using constructor [public org.springframework.test.context.support.DefaultBootstrapContext(java.lang.Class,org.springframework.test.context.CacheAwareContextLoaderDelegate)]
23:17:31.240 [Test worker] DEBUG org.springframework.test.context.BootstrapUtils - Instantiating TestContextBootstrapper for test class [com.intive.rental.controller.RentalControllerTest] from class [org.springframework.boot.test.context.SpringBootTestContextBootstrapper]
23:17:31.254 [Test worker] INFO org.springframework.boot.test.context.SpringBootTestContextBootstrapper - Neither @ContextConfiguration nor @ContextHierarchy found for test class [com.intive.rental.controller.RentalControllerTest], using SpringBootContextLoader
23:17:31.259 [Test worker] DEBUG org.springframework.test.context.support.AbstractContextLoader - Did not detect default resource location for test class [com.intive.rental.controller.RentalControllerTest]: class path resource [com/intive/rental/controller/RentalControllerTest-context.xml] does not exist
23:17:31.259 [Test worker] DEBUG org.springframework.test.context.support.AbstractContextLoader - Did not detect default resource location for test class [com.intive.rental.controller.RentalControllerTest]: class path resource [com/intive/rental/controller/RentalControllerTestContext.groovy] does not exist
23:17:31.259 [Test worker] INFO org.springframework.test.context.support.AbstractContextLoader - Could not detect default resource locations for test class [com.intive.rental.controller.RentalControllerTest]: no resource found for suffixes {-context.xml, Context.groovy}.
23:17:31.260 [Test worker] INFO org.springframework.test.context.support.AnnotationConfigContextLoaderUtils - Could not detect default configuration classes for test class [com.intive.rental.controller.RentalControllerTest]: RentalControllerTest does not declare any static, non-private, non-final, nested classes annotated with @Configuration.
23:17:31.322 [Test worker] DEBUG org.springframework.test.context.support.ActiveProfilesUtils - Could not find an 'annotation declaring class' for annotation type [org.springframework.test.context.ActiveProfiles] and class [com.intive.rental.controller.RentalControllerTest]
23:17:31.427 [Test worker] DEBUG org.springframework.context.annotation.ClassPathScanningCandidateComponentProvider - Identified candidate component class: file [C:\Users\User\IdeaProjects\rental\rental-service\build\classes\java\main\com\intive\rental\RentalApplication.class]
23:17:31.430 [Test worker] INFO org.springframework.boot.test.context.SpringBootTestContextBootstrapper - Found @SpringBootConfiguration com.intive.rental.RentalApplication for test class com.intive.rental.controller.RentalControllerTest
23:17:31.546 [Test worker] DEBUG org.springframework.boot.test.context.SpringBootTestContextBootstrapper - @TestExecutionListeners is not present for class [com.intive.rental.controller.RentalControllerTest]: using defaults.
23:17:31.547 [Test worker] INFO org.springframework.boot.test.context.SpringBootTestContextBootstrapper - Loaded default TestExecutionListener class names from location [META-INF/spring.factories]: [org.springframework.boot.test.autoconfigure.restdocs.RestDocsTestExecutionListener, org.springframework.boot.test.autoconfigure.web.client.MockRestServiceServerResetTestExecutionListener, org.springframework.boot.test.autoconfigure.web.servlet.MockMvcPrintOnlyOnFailureTestExecutionListener, org.springframework.boot.test.autoconfigure.web.servlet.WebDriverTestExecutionListener, org.springframework.boot.test.mock.mockito.MockitoTestExecutionListener, org.springframework.boot.test.mock.mockito.ResetMocksTestExecutionListener, org.springframework.test.context.web.ServletTestExecutionListener, org.springframework.test.context.support.DirtiesContextBeforeModesTestExecutionListener, org.springframework.test.context.support.DependencyInjectionTestExecutionListener, org.springframework.test.context.support.DirtiesContextTestExecutionListener, org.springframework.test.context.transaction.TransactionalTestExecutionListener, org.springframework.test.context.jdbc.SqlScriptsTestExecutionListener]
23:17:31.568 [Test worker] INFO org.springframework.boot.test.context.SpringBootTestContextBootstrapper - Using TestExecutionListeners: [org.springframework.test.context.web.ServletTestExecutionListener@46789843, org.springframework.test.context.support.DirtiesContextBeforeModesTestExecutionListener@79e39bb1, org.springframework.boot.test.mock.mockito.MockitoTestExecutionListener@31db2b8b, org.springframework.boot.test.autoconfigure.SpringBootDependencyInjectionTestExecutionListener@26d8f4c7, org.springframework.test.context.support.DirtiesContextTestExecutionListener@24e0dadf, org.springframework.test.context.transaction.TransactionalTestExecutionListener@413bf3e1, org.springframework.test.context.jdbc.SqlScriptsTestExecutionListener@29d41f3e, org.springframework.boot.test.autoconfigure.restdocs.RestDocsTestExecutionListener@48cbb80f, org.springframework.boot.test.autoconfigure.web.client.MockRestServiceServerResetTestExecutionListener@6adfb5eb, org.springframework.boot.test.autoconfigure.web.servlet.MockMvcPrintOnlyOnFailureTestExecutionListener@7465f7aa, org.springframework.boot.test.autoconfigure.web.servlet.WebDriverTestExecutionListener@7d412bf7, org.springframework.boot.test.mock.mockito.ResetMocksTestExecutionListener@68dfff90]
23:17:31.571 [Test worker] DEBUG org.springframework.test.annotation.ProfileValueUtils - Retrieved @ProfileValueSourceConfiguration [null] for test class [com.intive.rental.controller.RentalControllerTest]
23:17:31.572 [Test worker] DEBUG org.springframework.test.annotation.ProfileValueUtils - Retrieved ProfileValueSource type [class org.springframework.test.annotation.SystemProfileValueSource] for class [com.intive.rental.controller.RentalControllerTest]
23:17:31.573 [Test worker] DEBUG org.springframework.test.annotation.ProfileValueUtils - Retrieved @ProfileValueSourceConfiguration [null] for test class [com.intive.rental.controller.RentalControllerTest]
23:17:31.573 [Test worker] DEBUG org.springframework.test.annotation.ProfileValueUtils - Retrieved ProfileValueSource type [class org.springframework.test.annotation.SystemProfileValueSource] for class [com.intive.rental.controller.RentalControllerTest]
23:17:31.578 [Test worker] DEBUG org.springframework.test.context.support.AbstractDirtiesContextTestExecutionListener - Before test class: context [DefaultTestContext@23dc0382 testClass = RentalControllerTest, testInstance = [null], testMethod = [null], testException = [null], mergedContextConfiguration = [WebMergedContextConfiguration@1fde09 testClass = RentalControllerTest, locations = '{}', classes = '{class com.intive.rental.RentalApplication}', contextInitializerClasses = '[]', activeProfiles = '{}', propertySourceLocations = '{}', propertySourceProperties = '{org.springframework.boot.test.context.SpringBootTestContextBootstrapper=true, server.port=0}', contextCustomizers = set[org.springframework.boot.test.autoconfigure.properties.PropertyMappingContextCustomizer@0, org.springframework.boot.test.autoconfigure.web.servlet.WebDriverContextCustomizerFactory$Customizer@449303bd, org.springframework.boot.test.context.filter.ExcludeFilterContextCustomizer@3e85ed51, org.springframework.boot.test.json.DuplicateJsonObjectContextCustomizerFactory$DuplicateJsonObjectContextCustomizer@66f1f4f, org.springframework.boot.test.mock.mockito.MockitoContextCustomizer@a605b72a, org.springframework.boot.test.web.client.TestRestTemplateContextCustomizer@2fd75b54], resourceBasePath = 'src/main/webapp', contextLoader = 'org.springframework.boot.test.context.SpringBootContextLoader', parent = [null]], attributes = map['org.springframework.test.context.web.ServletTestExecutionListener.activateListener' -> false]], class annotated with @DirtiesContext [false] with mode [null].
23:17:31.579 [Test worker] DEBUG org.springframework.test.annotation.ProfileValueUtils - Retrieved @ProfileValueSourceConfiguration [null] for test class [com.intive.rental.controller.RentalControllerTest]
23:17:31.580 [Test worker] DEBUG org.springframework.test.annotation.ProfileValueUtils - Retrieved ProfileValueSource type [class org.springframework.test.annotation.SystemProfileValueSource] for class [com.intive.rental.controller.RentalControllerTest]
23:17:31.609 [Test worker] DEBUG org.springframework.test.context.support.TestPropertySourceUtils - Adding inlined properties to environment: {spring.jmx.enabled=false, org.springframework.boot.test.context.SpringBootTestContextBootstrapper=true, server.port=0}

  .   ____          _            __ _ _
 /\\ / ___'_ __ _ _(_)_ __  __ _ \ \ \ \
( ( )\___ | '_ | '_| | '_ \/ _` | \ \ \ \
 \\/  ___)| |_)| | | | | || (_| |  ) ) ) )
  '  |____| .__|_| |_|_| |_\__, | / / / /
 =========|_|==============|___/=/_/_/_/
 :: Spring Boot ::        (v2.1.3.RELEASE)

2019-05-25 23:17:31.968  INFO 9388 --- [    Test worker] c.i.r.controller.RentalControllerTest    : Starting RentalControllerTest on User-PC with PID 9388 (started by User in C:\Users\User\IdeaProjects\rental\rental-service)
2019-05-25 23:17:31.970  INFO 9388 --- [    Test worker] c.i.r.controller.RentalControllerTest    : No active profile set, falling back to default profiles: default
2019-05-25 23:17:32.512  INFO 9388 --- [    Test worker] .s.d.r.c.RepositoryConfigurationDelegate : Bootstrapping Spring Data repositories in DEFAULT mode.
2019-05-25 23:17:32.589  INFO 9388 --- [    Test worker] .s.d.r.c.RepositoryConfigurationDelegate : Finished Spring Data repository scanning in 71ms. Found 2 repository interfaces.
2019-05-25 23:17:33.824  INFO 9388 --- [    Test worker] o.s.b.w.embedded.tomcat.TomcatWebServer  : Tomcat initialized with port(s): 0 (http)
2019-05-25 23:17:33.856  INFO 9388 --- [    Test worker] o.apache.catalina.core.StandardService   : Starting service [Tomcat]
2019-05-25 23:17:33.856  INFO 9388 --- [    Test worker] org.apache.catalina.core.StandardEngine  : Starting Servlet engine: [Apache Tomcat/9.0.16]
2019-05-25 23:17:33.872  INFO 9388 --- [    Test worker] o.a.catalina.core.AprLifecycleListener   : The APR based Apache Tomcat Native library which allows optimal performance in production environments was not found on the java.library.path: [C:\Program Files\Java\jdk1.8.0_211\bin;C:\Windows\Sun\Java\bin;C:\Windows\system32;C:\Windows;C:\Program Files (x86)\Common Files\Oracle\Java\javapath;C:\Program Files (x86)\Intel\Intel(R) Management Engine Components\iCLS\;C:\Program Files\Intel\Intel(R) Management Engine Components\iCLS\;C:\Windows\system32;C:\Windows;C:\Windows\System32\Wbem;C:\Windows\System32\WindowsPowerShell\v1.0\;C:\Windows\System32\OpenSSH\;C:\Program Files (x86)\Intel\Intel(R) Management Engine Components\DAL;C:\Program Files\Intel\Intel(R) Management Engine Components\DAL;C:\Program Files (x86)\Intel\Intel(R) Management Engine Components\IPT;C:\Program Files\Intel\Intel(R) Management Engine Components\IPT;C:\Program Files\Java\jdk1.8.0_211\bin;C:\Program Files\Git\cmd;C:\Gradle\gradle-5.4.1\bin;C:\Maven\apache-maven-3.6.1\bin;C:\Users\User\AppData\Local\Microsoft\WindowsApps;;C:\Program Files\Docker Toolbox;.]
2019-05-25 23:17:33.967  INFO 9388 --- [    Test worker] o.a.c.c.C.[Tomcat].[localhost].[/]       : Initializing Spring embedded WebApplicationContext
2019-05-25 23:17:33.968  INFO 9388 --- [    Test worker] o.s.web.context.ContextLoader            : Root WebApplicationContext: initialization completed in 1975 ms
2019-05-25 23:17:34.748  INFO 9388 --- [    Test worker] org.mongodb.driver.cluster               : Cluster created with settings {hosts=[192.168.99.100:27017], mode=SINGLE, requiredClusterType=UNKNOWN, serverSelectionTimeout='30000 ms', maxWaitQueueSize=500}
2019-05-25 23:17:34.824  INFO 9388 --- [68.99.100:27017] org.mongodb.driver.connection            : Opened connection [connectionId{localValue:1, serverValue:71}] to 192.168.99.100:27017
2019-05-25 23:17:34.827  INFO 9388 --- [68.99.100:27017] org.mongodb.driver.cluster               : Monitor thread successfully connected to server with description ServerDescription{address=192.168.99.100:27017, type=STANDALONE, state=CONNECTED, ok=true, version=ServerVersion{versionList=[3, 4, 9]}, minWireVersion=0, maxWireVersion=5, maxDocumentSize=16777216, logicalSessionTimeoutMinutes=null, roundTripTimeNanos=1672000}
2019-05-25 23:17:35.706  INFO 9388 --- [    Test worker] o.s.s.concurrent.ThreadPoolTaskExecutor  : Initializing ExecutorService 'applicationTaskExecutor'
2019-05-25 23:17:36.066  INFO 9388 --- [    Test worker] o.s.b.w.embedded.tomcat.TomcatWebServer  : Tomcat started on port(s): 62445 (http) with context path ''
2019-05-25 23:17:36.068  INFO 9388 --- [    Test worker] c.i.r.controller.RentalControllerTest    : Started RentalControllerTest in 4.458 seconds (JVM running for 5.808)
2019-05-25 23:17:36.126  INFO 9388 --- [    Test worker] org.mongodb.driver.connection            : Opened connection [connectionId{localValue:2, serverValue:72}] to 192.168.99.100:27017
2019-05-25 23:17:36.441  INFO 9388 --- [o-auto-1-exec-1] o.a.c.c.C.[Tomcat].[localhost].[/]       : Initializing Spring DispatcherServlet 'dispatcherServlet'
2019-05-25 23:17:36.441  INFO 9388 --- [o-auto-1-exec-1] o.s.web.servlet.DispatcherServlet        : Initializing Servlet 'dispatcherServlet'
2019-05-25 23:17:36.455  INFO 9388 --- [o-auto-1-exec-1] o.s.web.servlet.DispatcherServlet        : Completed initialization in 14 ms
2019-05-25 23:17:36.590  WARN 9388 --- [o-auto-1-exec-1] .w.s.m.s.DefaultHandlerExceptionResolver : Resolved [org.springframework.web.bind.MethodArgumentNotValidException: Validation failed for argument [0] in public com.intive.rental.dto.SimpleRental com.intive.rental.controller.RentalController.postSingleRental(com.intive.rental.dto.request.CreateSimpleRentalRequest): [Field error in object 'createSimpleRentalRequest' on field 'amount': rejected value [-2]; codes [Min.createSimpleRentalRequest.amount,Min.amount,Min.java.lang.Integer,Min]; arguments [org.springframework.context.support.DefaultMessageSourceResolvable: codes [createSimpleRentalRequest.amount,amount]; arguments []; default message [amount],1]; default message [amount should be greater than 0]] ]
2019-05-25 23:17:36.653  INFO 9388 --- [o-auto-1-exec-2] c.i.rental.controller.RentalController   : Received new request for saving simple bike rental: CreateSimpleRentalRequest(amount=4, rentalType=HOURLY)
2019-05-25 23:17:36.780  WARN 9388 --- [o-auto-1-exec-3] .w.s.m.s.DefaultHandlerExceptionResolver : Resolved [org.springframework.web.bind.MethodArgumentNotValidException: Validation failed for argument [0] in public com.intive.rental.dto.FamilyRental com.intive.rental.controller.RentalController.postFamilyRental(com.intive.rental.dto.request.CreateFamilyRentalRequest): [Field error in object 'createFamilyRentalRequest' on field 'rentals': rejected value [null]; codes [NotNull.createFamilyRentalRequest.rentals,NotNull.rentals,NotNull.java.util.List,NotNull]; arguments [org.springframework.context.support.DefaultMessageSourceResolvable: codes [createFamilyRentalRequest.rentals,rentals]; arguments []; default message [rentals]]; default message [rentals is required]] ]
2019-05-25 23:17:36.791  WARN 9388 --- [o-auto-1-exec-5] .w.s.m.s.DefaultHandlerExceptionResolver : Resolved [org.springframework.web.bind.MethodArgumentNotValidException: Validation failed for argument [0] in public com.intive.rental.dto.FamilyRental com.intive.rental.controller.RentalController.postFamilyRental(com.intive.rental.dto.request.CreateFamilyRentalRequest): [Field error in object 'createFamilyRentalRequest' on field 'rentals': rejected value [[]]; codes [Size.createFamilyRentalRequest.rentals,Size.rentals,Size.java.util.List,Size]; arguments [org.springframework.context.support.DefaultMessageSourceResolvable: codes [createFamilyRentalRequest.rentals,rentals]; arguments []; default message [rentals],5,3]; default message [rentals length must between 3 and 5]] ]
2019-05-25 23:17:36.801  INFO 9388 --- [o-auto-1-exec-4] c.i.rental.controller.RentalController   : Received new request for saving simple bike rental: CreateSimpleRentalRequest(amount=1, rentalType=WEEKLY)
2019-05-25 23:17:36.816  INFO 9388 --- [o-auto-1-exec-6] c.i.rental.controller.RentalController   : Received new request for getting bike rental with id: invalid_id
2019-05-25 23:17:36.861  INFO 9388 --- [o-auto-1-exec-7] c.i.rental.controller.RentalController   : Received new request for getting family bike rental with id: invalid_id
2019-05-25 23:17:36.877  INFO 9388 --- [o-auto-1-exec-8] c.i.rental.controller.RentalController   : Received new request for saving simple bike rental: CreateSimpleRentalRequest(amount=4, rentalType=HOURLY)
2019-05-25 23:17:36.884  INFO 9388 --- [o-auto-1-exec-9] c.i.rental.controller.RentalController   : Received new request for getting bike rental with id: 5ce9f740dda04c24acbb70c1
2019-05-25 23:17:36.907  INFO 9388 --- [-auto-1-exec-10] c.i.rental.controller.RentalController   : Received new request for saving family bike rental: CreateFamilyRentalRequest(rentals=[CreateSimpleRentalRequest(amount=4, rentalType=HOURLY), CreateSimpleRentalRequest(amount=1, rentalType=DAILY), CreateSimpleRentalRequest(amount=1, rentalType=WEEKLY)])
2019-05-25 23:17:36.928  INFO 9388 --- [o-auto-1-exec-1] c.i.rental.controller.RentalController   : Received new request for getting family bike rental with id: 5ce9f740dda04c24acbb70c2
2019-05-25 23:17:36.943  WARN 9388 --- [o-auto-1-exec-2] .w.s.m.s.DefaultHandlerExceptionResolver : Resolved [org.springframework.web.bind.MethodArgumentNotValidException: Validation failed for argument [0] in public com.intive.rental.dto.SimpleRental com.intive.rental.controller.RentalController.postSingleRental(com.intive.rental.dto.request.CreateSimpleRentalRequest) with 2 errors: [Field error in object 'createSimpleRentalRequest' on field 'rentalType': rejected value [null]; codes [NotNull.createSimpleRentalRequest.rentalType,NotNull.rentalType,NotNull.com.intive.rental.dto.constant.RentalType,NotNull]; arguments [org.springframework.context.support.DefaultMessageSourceResolvable: codes [createSimpleRentalRequest.rentalType,rentalType]; arguments []; default message [rentalType]]; default message [rentalType is required]] [Field error in object 'createSimpleRentalRequest' on field 'amount': rejected value [null]; codes [NotNull.createSimpleRentalRequest.amount,NotNull.amount,NotNull.java.lang.Integer,NotNull]; arguments [org.springframework.context.support.DefaultMessageSourceResolvable: codes [createSimpleRentalRequest.amount,amount]; arguments []; default message [amount]]; default message [amount is required]] ]
2019-05-25 23:17:36.952  INFO 9388 --- [o-auto-1-exec-3] c.i.rental.controller.RentalController   : Received new request for saving simple bike rental: CreateSimpleRentalRequest(amount=4, rentalType=HOURLY)
2019-05-25 23:17:36.974  INFO 9388 --- [o-auto-1-exec-5] c.i.rental.controller.RentalController   : Received new request for saving simple bike rental: CreateSimpleRentalRequest(amount=1, rentalType=DAILY)
2019-05-25 23:17:36.987  INFO 9388 --- [o-auto-1-exec-4] c.i.rental.controller.RentalController   : Received new request for saving family bike rental: CreateFamilyRentalRequest(rentals=[CreateSimpleRentalRequest(amount=4, rentalType=HOURLY), CreateSimpleRentalRequest(amount=1, rentalType=DAILY), CreateSimpleRentalRequest(amount=1, rentalType=WEEKLY)])
]]></system-out>
  <system-err><![CDATA[]]></system-err>
</testsuite>
